========================================
multiotp 4.3.2.6
Your script is running from /home/rhossis/multiotp/
2015-07-24 02:30:36	info		System	Test: test tag is [20150724023036]
2015-07-24 02:30:36	warning		Token	Error: *Unable to delete token test_token, the tokens database file /home/rhossis/multiotp/tokens/test_token.db does not exist
2015-07-24 02:30:36	info		System	Info: *File created: /home/rhossis/multiotp/tokens/test_token.db
2015-07-24 02:30:36	info		System	Info: Token test_token manually created
2015-07-24 02:30:36	info		System	Info: *File created: /home/rhossis/multiotp/users/test_user.db
2015-07-24 02:30:36	info		System	Info: User test_user manually created
2015-07-24 02:30:36	notice	test_user	User	OK: User test_user successfully logged in
2015-07-24 02:30:36	warning	test_user	User	Error: token of user test_user already used
2015-07-24 02:30:36	info	test_user	User	Info: token for user test_user is now resynchronized with the last event 5
2015-07-24 02:30:36	warning	test_user	User	Error: resync for user test_user has failed
2015-07-24 02:30:36	warning		Token	Error: *Unable to delete token test_token8, the tokens database file /home/rhossis/multiotp/tokens/test_token8.db does not exist
2015-07-24 02:30:36	info		System	Info: *File created: /home/rhossis/multiotp/tokens/test_token8.db
2015-07-24 02:30:36	info		System	Info: Token test_token8 manually created
2015-07-24 02:30:36	info		System	Info: *File created: /home/rhossis/multiotp/users/test_user8.db
2015-07-24 02:30:36	info		System	Info: User test_user8 manually created
2015-07-24 02:30:36	notice	test_user8	User	OK: User test_user8 successfully logged in
2015-07-24 02:30:36	info		System	Info: *File created: /home/rhossis/multiotp/users/test_user2.db
2015-07-24 02:30:36	info		System	Info: User test_user2 manually created
2015-07-24 02:30:36	notice	test_user2	User	OK: User test_user2 successfully logged in
2015-07-24 02:30:36	info		System	Info: *File created: /home/rhossis/multiotp/users/fast_user.db
2015-07-24 02:30:36	info		System	Info: User fast_user manually created
2015-07-24 02:30:36	info	fast_user_renamed	User	Info: *User fast_user_renamed successfully deleted
2015-07-24 02:30:36	warning	test_user	User	Error: User test_user delayed for 300 seconds after 1000 failed authentications
2015-07-24 02:30:37	info		System	Info: *File created: /home/rhossis/multiotp/tokens/abcdef012300.db
2015-07-24 02:30:37	info		System	Info: Token abcdef012300 manually created
2015-07-24 02:30:37	info		Token	Info: Token abcdef012300 successfully imported
2015-07-24 02:30:37	info		System	Info: *File created: /home/rhossis/multiotp/tokens/abcdef012301.db
2015-07-24 02:30:37	info		System	Info: Token abcdef012301 manually created
2015-07-24 02:30:37	info		Token	Info: Token abcdef012301 successfully imported
2015-07-24 02:30:37	info		System	Info: *File created: /home/rhossis/multiotp/tokens/abcdef012302.db
2015-07-24 02:30:37	info		System	Info: Token abcdef012302 manually created
2015-07-24 02:30:37	info		Token	Info: Token abcdef012302 successfully imported
2015-07-24 02:30:37	info		System	Info: *File created: /home/rhossis/multiotp/tokens/zz0000000000.db
2015-07-24 02:30:37	info		System	Info: Token zz0000000000 manually created
2015-07-24 02:30:37	info		Token	Info: Token with SerialNo ZZ0000000000 successfully imported
2015-07-24 02:30:37	debug		Debug	Debug: *  Token ZZ0000000000 - algorithm: hotp;   Token ZZ0000000000 - description: Manufacturer ZZ0000000000;   Token ZZ0000000000 - error_counter: 0;   Token ZZ0000000000 - format: DECIMAL;   Token ZZ0000000000 - issuer: Issuer0;   Token ZZ0000000000 - key_algorithm: urn:ietf:params:xml:ns:keyprov:pskc:hotp;   Token ZZ0000000000 - last_error: 0;   Token ZZ0000000000 - last_event: -1;   Token ZZ0000000000 - last_login: 0;   Token ZZ0000000000 - last_update: 0;   Token ZZ0000000000 - locked: 0;   Token ZZ0000000000 - manufacturer: Manufacturer;   Token ZZ0000000000 - number_of_digits: 6;   Token ZZ0000000000 - otp: TRUE;   Token ZZ0000000000 - time_interval: 30;   Token ZZ0000000000 - token_algo_suite: HMAC-SHA1;   Token ZZ0000000000 - token_seed: 3132333435363738393031323334353637383930;   Token ZZ0000000000 - token_serial: zz0000000000
2015-07-24 02:30:37	info		System	Info: *File created: /home/rhossis/multiotp/tokens/zz0100000000.db
2015-07-24 02:30:37	info		System	Info: Token zz0100000000 manually created
2015-07-24 02:30:37	info		Token	Info: Token with SerialNo ZZ0100000000 successfully imported
2015-07-24 02:30:37	debug		Debug	Debug: *  Token ZZ0100000000 - algorithm: hotp;   Token ZZ0100000000 - description: Manufacturer ZZ0100000000;   Token ZZ0100000000 - error_counter: 0;   Token ZZ0100000000 - format: DECIMAL;   Token ZZ0100000000 - issuer: Issuer0;   Token ZZ0100000000 - key_algorithm: urn:ietf:params:xml:ns:keyprov:pskc:hotp;   Token ZZ0100000000 - last_error: 0;   Token ZZ0100000000 - last_event: 206;   Token ZZ0100000000 - last_login: 0;   Token ZZ0100000000 - last_update: 0;   Token ZZ0100000000 - locked: 0;   Token ZZ0100000000 - manufacturer: Manufacturer;   Token ZZ0100000000 - number_of_digits: 8;   Token ZZ0100000000 - otp: TRUE;   Token ZZ0100000000 - time_interval: 30;   Token ZZ0100000000 - token_algo_suite: HMAC-SHA1;   Token ZZ0100000000 - token_seed: 3132333435363738393031323334353637383931;   Token ZZ0100000000 - token_serial: zz0100000000
2015-07-24 02:30:37	info		System	Info: *File created: /home/rhossis/multiotp/tokens/zz0000000002.db
2015-07-24 02:30:37	info		System	Info: Token zz0000000002 manually created
2015-07-24 02:30:37	info		Token	Info: Token with SerialNo ZZ0000000002 successfully imported
2015-07-24 02:30:37	debug		Debug	Debug: *  Token ZZ0000000002 - algorithm: hotp;   Token ZZ0000000002 - description: Manufacturer ZZ0000000002;   Token ZZ0000000002 - error_counter: 0;   Token ZZ0000000002 - format: DECIMAL;   Token ZZ0000000002 - issuer: Issuer0;   Token ZZ0000000002 - key_algorithm: urn:ietf:params:xml:ns:keyprov:pskc:hotp;   Token ZZ0000000002 - last_error: 0;   Token ZZ0000000002 - last_event: -1;   Token ZZ0000000002 - last_login: 0;   Token ZZ0000000002 - last_update: 0;   Token ZZ0000000002 - locked: 0;   Token ZZ0000000002 - manufacturer: Manufacturer;   Token ZZ0000000002 - number_of_digits: 6;   Token ZZ0000000002 - otp: TRUE;   Token ZZ0000000002 - time_interval: 30;   Token ZZ0000000002 - token_algo_suite: HMAC-SHA1;   Token ZZ0000000002 - token_seed: 3031323334353637383930313233343536373839;   Token ZZ0000000002 - token_serial: zz0000000002
2015-07-24 02:30:37	info		System	Info: *File created: /home/rhossis/multiotp/tokens/zz1000000000.db
2015-07-24 02:30:37	info		System	Info: Token zz1000000000 manually created
2015-07-24 02:30:37	info		Token	Info: Token with SerialNo ZZ1000000000 successfully imported
2015-07-24 02:30:37	debug		Debug	Debug: *  Token ZZ1000000000 - algorithm: totp;   Token ZZ1000000000 - description: Manufacturer ZZ1000000000;   Token ZZ1000000000 - error_counter: 0;   Token ZZ1000000000 - format: DECIMAL;   Token ZZ1000000000 - issuer: Issuer0;   Token ZZ1000000000 - key_algorithm: urn:ietf:params:xml:ns:keyprov:pskc:totp;   Token ZZ1000000000 - last_error: 0;   Token ZZ1000000000 - last_event: -1;   Token ZZ1000000000 - last_login: 0;   Token ZZ1000000000 - last_update: 0;   Token ZZ1000000000 - locked: 0;   Token ZZ1000000000 - manufacturer: Manufacturer;   Token ZZ1000000000 - number_of_digits: 6;   Token ZZ1000000000 - otp: TRUE;   Token ZZ1000000000 - time_interval: 30;   Token ZZ1000000000 - token_algo_suite: HMAC-SHA1;   Token ZZ1000000000 - token_seed: 3132333435363738393031323334353637383930;   Token ZZ1000000000 - token_serial: zz1000000000
2015-07-24 02:30:37	info		System	Info: *File created: /home/rhossis/multiotp/tokens/zz1100000000.db
2015-07-24 02:30:37	info		System	Info: Token zz1100000000 manually created
2015-07-24 02:30:37	info		Token	Info: Token with SerialNo ZZ1100000000 successfully imported
2015-07-24 02:30:37	debug		Debug	Debug: *  Token ZZ1100000000 - algorithm: totp;   Token ZZ1100000000 - description: Manufacturer ZZ1100000000;   Token ZZ1100000000 - error_counter: 0;   Token ZZ1100000000 - format: DECIMAL;   Token ZZ1100000000 - issuer: Issuer0;   Token ZZ1100000000 - key_algorithm: urn:ietf:params:xml:ns:keyprov:pskc:totp;   Token ZZ1100000000 - last_error: 0;   Token ZZ1100000000 - last_event: -1;   Token ZZ1100000000 - last_login: 0;   Token ZZ1100000000 - last_update: 0;   Token ZZ1100000000 - locked: 0;   Token ZZ1100000000 - manufacturer: Manufacturer;   Token ZZ1100000000 - number_of_digits: 8;   Token ZZ1100000000 - otp: TRUE;   Token ZZ1100000000 - time_interval: 30;   Token ZZ1100000000 - token_algo_suite: HMAC-SHA1;   Token ZZ1100000000 - token_seed: 3132333435363738393031323334353637383931;   Token ZZ1100000000 - token_serial: zz1100000000
2015-07-24 02:30:37	info		System	Info: *File created: /home/rhossis/multiotp/tokens/zz1000000001.db
2015-07-24 02:30:37	info		System	Info: Token zz1000000001 manually created
2015-07-24 02:30:37	info		Token	Info: Token with SerialNo ZZ1000000001 successfully imported
2015-07-24 02:30:37	debug		Debug	Debug: *  Token ZZ1000000001 - algorithm: totp;   Token ZZ1000000001 - description: Manufacturer ZZ1000000001;   Token ZZ1000000001 - error_counter: 0;   Token ZZ1000000001 - format: DECIMAL;   Token ZZ1000000001 - issuer: Issuer0;   Token ZZ1000000001 - key_algorithm: urn:ietf:params:xml:ns:keyprov:pskc:totp;   Token ZZ1000000001 - last_error: 0;   Token ZZ1000000001 - last_event: -1;   Token ZZ1000000001 - last_login: 0;   Token ZZ1000000001 - last_update: 0;   Token ZZ1000000001 - locked: 0;   Token ZZ1000000001 - manufacturer: Manufacturer;   Token ZZ1000000001 - number_of_digits: 6;   Token ZZ1000000001 - otp: TRUE;   Token ZZ1000000001 - time_interval: 30;   Token ZZ1000000001 - token_algo_suite: HMAC-SHA256;   Token ZZ1000000001 - token_seed: 3132333435363738393031323334353637383930313233343536373839303132;   Token ZZ1000000001 - token_serial: zz1000000001
2015-07-24 02:30:37	info		System	Info: *File created: /home/rhossis/multiotp/tokens/zz1100000001.db
2015-07-24 02:30:37	info		System	Info: Token zz1100000001 manually created
2015-07-24 02:30:37	info		Token	Info: Token with SerialNo ZZ1100000001 successfully imported
2015-07-24 02:30:37	debug		Debug	Debug: *  Token ZZ1100000001 - algorithm: totp;   Token ZZ1100000001 - description: Manufacturer ZZ1100000001;   Token ZZ1100000001 - error_counter: 0;   Token ZZ1100000001 - format: DECIMAL;   Token ZZ1100000001 - issuer: Issuer0;   Token ZZ1100000001 - key_algorithm: urn:ietf:params:xml:ns:keyprov:pskc:totp;   Token ZZ1100000001 - last_error: 0;   Token ZZ1100000001 - last_event: -1;   Token ZZ1100000001 - last_login: 0;   Token ZZ1100000001 - last_update: 0;   Token ZZ1100000001 - locked: 0;   Token ZZ1100000001 - manufacturer: Manufacturer;   Token ZZ1100000001 - number_of_digits: 8;   Token ZZ1100000001 - otp: TRUE;   Token ZZ1100000001 - time_interval: 30;   Token ZZ1100000001 - token_algo_suite: HMAC-SHA256;   Token ZZ1100000001 - token_seed: 3132333435363738393031323334353637383930313233343536373839303133;   Token ZZ1100000001 - token_serial: zz1100000001
2015-07-24 02:30:37	info		System	Info: *File created: /home/rhossis/multiotp/tokens/zz1000000002.db
2015-07-24 02:30:37	info		System	Info: Token zz1000000002 manually created
2015-07-24 02:30:37	info		Token	Info: Token with SerialNo ZZ1000000002 successfully imported
2015-07-24 02:30:37	debug		Debug	Debug: *  Token ZZ1000000002 - algorithm: totp;   Token ZZ1000000002 - description: Manufacturer ZZ1000000002;   Token ZZ1000000002 - error_counter: 0;   Token ZZ1000000002 - format: DECIMAL;   Token ZZ1000000002 - issuer: Issuer0;   Token ZZ1000000002 - key_algorithm: urn:ietf:params:xml:ns:keyprov:pskc:totp;   Token ZZ1000000002 - last_error: 0;   Token ZZ1000000002 - last_event: -1;   Token ZZ1000000002 - last_login: 0;   Token ZZ1000000002 - last_update: 0;   Token ZZ1000000002 - locked: 0;   Token ZZ1000000002 - manufacturer: Manufacturer;   Token ZZ1000000002 - number_of_digits: 6;   Token ZZ1000000002 - otp: TRUE;   Token ZZ1000000002 - time_interval: 30;   Token ZZ1000000002 - token_algo_suite: HMAC-SHA1;   Token ZZ1000000002 - token_seed: 3031323334353637383930313233343536373839;   Token ZZ1000000002 - token_serial: zz1000000002
2015-07-24 02:30:37	info		System	Info: *File created: /home/rhossis/multiotp/tokens/zz7000000001.db
2015-07-24 02:30:37	info		System	Info: Token zz7000000001 manually created
2015-07-24 02:30:37	info		Token	Info: Token with SerialNo ZZ7000000001 successfully imported
2015-07-24 02:30:37	debug		Debug	Debug: *  Token ZZ7000000001 - algorithm: hotp;   Token ZZ7000000001 - description: Manufacturer ZZ7000000001;   Token ZZ7000000001 - error_counter: 0;   Token ZZ7000000001 - format: DECIMAL;   Token ZZ7000000001 - issuer: Issuer0;   Token ZZ7000000001 - key_algorithm: urn:ietf:params:xml:ns:keyprov:pskc:hotp;   Token ZZ7000000001 - last_error: 0;   Token ZZ7000000001 - last_event: 1216384469;   Token ZZ7000000001 - last_login: 0;   Token ZZ7000000001 - last_update: 0;   Token ZZ7000000001 - locked: 0;   Token ZZ7000000001 - manufacturer: Manufacturer;   Token ZZ7000000001 - number_of_digits: 8;   Token ZZ7000000001 - otp: TRUE;   Token ZZ7000000001 - time_interval: 30;   Token ZZ7000000001 - token_algo_suite: HMAC-SHA256;   Token ZZ7000000001 - token_seed: 91f0dc4e239977e6bcc273e4f5414a8a6cf6d62c6990f58b4914a2d588b3475f;   Token ZZ7000000001 - token_serial: zz7000000001
2015-07-24 02:30:37	info		System	Info: *File created: /home/rhossis/multiotp/tokens/zz7000000002.db
2015-07-24 02:30:37	info		System	Info: Token zz7000000002 manually created
2015-07-24 02:30:37	info		Token	Info: Token with SerialNo ZZ7000000002 successfully imported
2015-07-24 02:30:37	debug		Debug	Debug: *  Token ZZ7000000002 - algorithm: hotp;   Token ZZ7000000002 - description: Manufacturer ZZ7000000002;   Token ZZ7000000002 - error_counter: 0;   Token ZZ7000000002 - format: DECIMAL;   Token ZZ7000000002 - issuer: Issuer0;   Token ZZ7000000002 - key_algorithm: urn:ietf:params:xml:ns:keyprov:pskc:hotp;   Token ZZ7000000002 - last_error: 0;   Token ZZ7000000002 - last_event: 947647730;   Token ZZ7000000002 - last_login: 0;   Token ZZ7000000002 - last_update: 0;   Token ZZ7000000002 - locked: 0;   Token ZZ7000000002 - manufacturer: Manufacturer;   Token ZZ7000000002 - number_of_digits: 8;   Token ZZ7000000002 - otp: TRUE;   Token ZZ7000000002 - time_interval: 30;   Token ZZ7000000002 - token_algo_suite: HMAC-SHA512;   Token ZZ7000000002 - token_seed: 717652d52070140be85d30d46ac5292ae867ea4c90a1623dc280b47483730327e5ea97dc20d8cb67cd1bb730cb067b7dfccd34cead7ea697af28f34c18098a27;   Token ZZ7000000002 - token_serial: zz7000000002
2015-07-24 02:30:37	info		System	Info: *File created: /home/rhossis/multiotp/tokens/zz8000000001.db
2015-07-24 02:30:37	info		System	Info: Token zz8000000001 manually created
2015-07-24 02:30:37	info		Token	Info: Token with SerialNo ZZ8000000001 successfully imported
2015-07-24 02:30:37	debug		Debug	Debug: *  Token ZZ8000000001 - algorithm: totp;   Token ZZ8000000001 - description: Manufacturer ZZ8000000001;   Token ZZ8000000001 - error_counter: 0;   Token ZZ8000000001 - format: DECIMAL;   Token ZZ8000000001 - issuer: Issuer0;   Token ZZ8000000001 - key_algorithm: urn:ietf:params:xml:ns:keyprov:pskc:totp;   Token ZZ8000000001 - last_error: 0;   Token ZZ8000000001 - last_event: -1;   Token ZZ8000000001 - last_login: 0;   Token ZZ8000000001 - last_update: 0;   Token ZZ8000000001 - locked: 0;   Token ZZ8000000001 - manufacturer: Manufacturer;   Token ZZ8000000001 - number_of_digits: 8;   Token ZZ8000000001 - otp: TRUE;   Token ZZ8000000001 - time_interval: 30;   Token ZZ8000000001 - token_algo_suite: HMAC-SHA256;   Token ZZ8000000001 - token_seed: 38c2506a8e0708a5e929c2686b827e0ba7ae28c9de3c83e6d27308345981a3de;   Token ZZ8000000001 - token_serial: zz8000000001
2015-07-24 02:30:37	info		System	Info: *File created: /home/rhossis/multiotp/tokens/zz8000000002.db
2015-07-24 02:30:37	info		System	Info: Token zz8000000002 manually created
2015-07-24 02:30:37	info		Token	Info: Token with SerialNo ZZ8000000002 successfully imported
2015-07-24 02:30:37	debug		Debug	Debug: *  Token ZZ8000000002 - algorithm: totp;   Token ZZ8000000002 - description: Manufacturer ZZ8000000002;   Token ZZ8000000002 - error_counter: 0;   Token ZZ8000000002 - format: DECIMAL;   Token ZZ8000000002 - issuer: Issuer0;   Token ZZ8000000002 - key_algorithm: urn:ietf:params:xml:ns:keyprov:pskc:totp;   Token ZZ8000000002 - last_error: 0;   Token ZZ8000000002 - last_event: -1;   Token ZZ8000000002 - last_login: 0;   Token ZZ8000000002 - last_update: 0;   Token ZZ8000000002 - locked: 0;   Token ZZ8000000002 - manufacturer: Manufacturer;   Token ZZ8000000002 - number_of_digits: 8;   Token ZZ8000000002 - otp: TRUE;   Token ZZ8000000002 - time_interval: 30;   Token ZZ8000000002 - token_algo_suite: HMAC-SHA512;   Token ZZ8000000002 - token_seed: e232f74b79922de8bd49564beb4b4ddfe3e5dd929663bdd81688e1fb67e372d5bc7dfd73e0f494aa5d13fcae23b8d3c0b921ba817b337609644466788a9b1443;   Token ZZ8000000002 - token_serial: zz8000000002
2015-07-24 02:30:37	info		System	Info: *File created: /home/rhossis/multiotp/tokens/zz7000000000.db
2015-07-24 02:30:37	info		System	Info: Token zz7000000000 manually created
2015-07-24 02:30:37	info		Token	Info: Token with SerialNo ZZ7000000000 successfully imported
2015-07-24 02:30:37	debug		Debug	Debug: *  Token ZZ7000000000 - algorithm: hotp;   Token ZZ7000000000 - description: Manufacturer ZZ7000000000;   Token ZZ7000000000 - error_counter: 0;   Token ZZ7000000000 - format: DECIMAL;   Token ZZ7000000000 - issuer: Issuer0;   Token ZZ7000000000 - key_algorithm: urn:ietf:params:xml:ns:keyprov:pskc:hotp;   Token ZZ7000000000 - last_error: 0;   Token ZZ7000000000 - last_login: 0;   Token ZZ7000000000 - last_update: 0;   Token ZZ7000000000 - locked: 0;   Token ZZ7000000000 - manufacturer: Manufacturer;   Token ZZ7000000000 - number_of_digits: 8;   Token ZZ7000000000 - otp: TRUE;   Token ZZ7000000000 - time_interval: 30;   Token ZZ7000000000 - token_algo_suite: HMAC-SHA1;   Token ZZ7000000000 - token_seed: 5d3a38bf5476d6f0b897f1e62887cb3ce833a5b9;   Token ZZ7000000000 - token_serial: zz7000000000
2015-07-24 02:30:37	info		System	Info: *File created: /home/rhossis/multiotp/tokens/zz8000000000.db
2015-07-24 02:30:37	info		System	Info: Token zz8000000000 manually created
2015-07-24 02:30:37	info		Token	Info: Token with SerialNo ZZ8000000000 successfully imported
2015-07-24 02:30:37	debug		Debug	Debug: *  Token ZZ8000000000 - algorithm: totp;   Token ZZ8000000000 - description: Manufacturer ZZ8000000000;   Token ZZ8000000000 - error_counter: 0;   Token ZZ8000000000 - format: DECIMAL;   Token ZZ8000000000 - issuer: Issuer0;   Token ZZ8000000000 - key_algorithm: urn:ietf:params:xml:ns:keyprov:pskc:totp;   Token ZZ8000000000 - last_error: 0;   Token ZZ8000000000 - last_event: -1;   Token ZZ8000000000 - last_login: 0;   Token ZZ8000000000 - last_update: 0;   Token ZZ8000000000 - locked: 0;   Token ZZ8000000000 - manufacturer: Manufacturer;   Token ZZ8000000000 - number_of_digits: 8;   Token ZZ8000000000 - otp: TRUE;   Token ZZ8000000000 - time_interval: 30;   Token ZZ8000000000 - token_algo_suite: HMAC-SHA1;   Token ZZ8000000000 - token_seed: 2c8792d34a3a8711b7cfc4304bcc84e3e67815a6;   Token ZZ8000000000 - token_serial: zz8000000000
2015-07-24 02:30:37	info		Token	Info: *Token zz0000000000 successfully deleted
2015-07-24 02:30:37	info		Token	Info: *Token zz0100000001 successfully deleted
2015-07-24 02:30:37	info		System	Info: *File created: /home/rhossis/multiotp/devices/123456.db
2015-07-24 02:30:37	info		System	Info: Device 123456 manually created
2015-07-24 02:30:37	info		Device	Info: *Device 123456 successfully deleted
2015-07-24 02:30:37	info		System	Info: *File created: /home/rhossis/multiotp/groups/123456.db
2015-07-24 02:30:37	info		System	Info: Group 123456 manually created
2015-07-24 02:30:37	info		Group	Info: *Group 123456 successfully deleted
